<?xml version="1.0" encoding="UTF-8"?>
<testsuite xmlns:xsi="http://www.w3.org/2001/XMLSchema-instance" xsi:noNamespaceSchemaLocation="https://maven.apache.org/surefire/maven-surefire-plugin/xsd/surefire-test-report-3.0.xsd" version="3.0" name="com.junit.demo.basics.TagDemoTest" time="0.172" tests="2" errors="0" skipped="0" failures="0">
  <properties>
[...]
</properties>
  <testcase name="demo1" classname="com.junit.demo.basics.TagDemoTest" time="0.099">
    <system-out><![CDATA[测试环境
]]></system-out>
  </testcase>
  <testcase name="demo4" classname="com.junit.demo.basics.TagDemoTest" time="0.009">
    <system-out><![CDATA[预发布环境
]]></system-out>
  </testcase>
</testsuite>